confirm_user_instructions.clp
../wait_for_user_instruction/wait_for_user_instruction.lst
../ask_for_person_in_room/ask_for_person_in_room.lst
../confirm_DIP/confirm_DIP.lst
../getclose_location/getclose_location.lst
../get_object/get_object.lst
../handover_object/handover_object.lst
../ask_for_person_in_room/ask_for_person_in_room.lst
../get_object/get_object.lst
../deliver_in_position/deliver_in_position.lst
../get_object/get_object.lst
../put_object_in_location/put_object_in_location.lst
../confirm_POL/confirm_POL.lst
../save_position/save_position.lst
../spg_say/spg_say.lst
../confirm_THO/confirm_THO.lst
../take_handover/take_handover.lst
../put_object_in_location/put_object_in_location.lst
../ask_location/ask_location.lst
../update_object_location/update_object_location.lst
../spg_say/spg_say.lst
