wait_for_user_instruction.clp
../deliver_in_position/deliver_in_position.lst
../put_object_in_location/put_object_in_location.lst
../getclose_location/getclose_location.lst
../update_object_location/update_object_location.lst
../save_position/save_position.lst
../get_object/get_object.lst
../ask_for_person_in_room/ask_for_person_in_room.lst
../take_handover/take_handover.lst
../spg_say/spg_say.lst
../handover_object/handover_object.lst
../spg_say/spg_say.lst
../spg_say/spg_say.lst
../spg_say/spg_say.lst
../ask_for_confirmation/ask_for_confirmation.lst
../spg_say/spg_say.lst
../check_process_string/check_process_string.lst
../spg_say/spg_say.lst
../confirm_user_instructions/confirm_user_instructions.lst
../confirm_user_instructions/confirm_user_instructions.lst
../spg_say/spg_say.lst
../spg_say/spg_say.lst
../spg_say/spg_say.lst
